<?xml version="1.0" encoding="UTF-8"?>
<coverage generated="1752535331853" clover="3.2.0">
  <project timestamp="1752535331853" name="All files">
    <metrics statements="4" coveredstatements="4" conditionals="2" coveredconditionals="2" methods="4" coveredmethods="4" elements="10" coveredelements="10" complexity="0" loc="4" ncloc="4" packages="1" files="1" classes="1"/>
    <file name="base-utils.js" path="/Users/franciscodegrano/Downloads/base-jest-testing/base-utils.js">
      <metrics statements="4" coveredstatements="4" conditionals="2" coveredconditionals="2" methods="4" coveredmethods="4"/>
      <line num="3" count="3" type="stmt"/>
      <line num="7" count="2" type="stmt"/>
      <line num="11" count="2" type="cond" truecount="2" falsecount="0"/>
      <line num="15" count="1" type="stmt"/>
    </file>
  </project>
</coverage>
