{"/Users/franciscodegrano/Downloads/base-jest-testing/base-utils.js": {"path":"/Users/franciscodegrano/Downloads/base-jest-testing/base-utils.js","statementMap":{"0":{"start":{"line":3,"column":4},"end":{"line":3,"column":47}},"1":{"start":{"line":7,"column":4},"end":{"line":7,"column":46}},"2":{"start":{"line":11,"column":4},"end":{"line":11,"column":57}},"3":{"start":{"line":15,"column":4},"end":{"line":15,"column":33}}},"fnMap":{"0":{"name":"validateAddress","decl":{"start":{"line":2,"column":16},"end":{"line":2,"column":31}},"loc":{"start":{"line":2,"column":41},"end":{"line":4,"column":3}},"line":2},"1":{"name":"weiToEth","decl":{"start":{"line":6,"column":18},"end":{"line":6,"column":26}},"loc":{"start":{"line":6,"column":32},"end":{"line":8,"column":3}},"line":6},"2":{"name":"formatChainId","decl":{"start":{"line":10,"column":18},"end":{"line":10,"column":31}},"loc":{"start":{"line":10,"column":41},"end":{"line":12,"column":3}},"line":10},"3":{"name":"calculateGasPrice","decl":{"start":{"line":14,"column":18},"end":{"line":14,"column":35}},"loc":{"start":{"line":14,"column":58},"end":{"line":16,"column":3}},"line":14}},"branchMap":{"0":{"loc":{"start":{"line":11,"column":11},"end":{"line":11,"column":56}},"type":"cond-expr","locations":[{"start":{"line":11,"column":30},"end":{"line":11,"column":44}},{"start":{"line":11,"column":47},"end":{"line":11,"column":56}}],"line":11}},"s":{"0":3,"1":2,"2":2,"3":1},"f":{"0":3,"1":2,"2":2,"3":1},"b":{"0":[1,1]},"_coverageSchema":"1a1c01bbd47fc00a2c39e90264f33305004495a9","hash":"b3299253d3f142df16baec1db5a5f13e203fc38f"}
}
